<?xml version="1.0" encoding="UTF-8"?>
<!-- Generated by org.testng.reporters.JUnitReportReporter -->
<testsuite hostname="GJ-Wirun" name="JSONTest" tests="3" failures="0" timestamp="21 Jan 2016 04:31:55 GMT" time="0.079" errors="0">
  <testcase name="test1" time="0.017" classname="JSONTest"/>
  <testcase name="testXstream" time="0.061" classname="JSONTest"/>
  <testcase name="test2" time="0.001" classname="JSONTest"/>
</testsuite>
